2025-07-10 11:48:35 | Masuk blok aksi | []
2025-07-10 11:48:42 | Masuk blok aksi | {"action":"suspend","id":"2"}
2025-07-10 18:48:42 | Suspend user id 2
2025-07-10 11:48:53 | Masuk blok aksi | {"action":"suspend","id":"2"}
2025-07-10 18:48:53 | Suspend user id 2
2025-07-10 11:51:05 | Masuk blok aksi | []
2025-07-10 11:51:09 | Masuk blok aksi | {"action":"unsuspend","id":"2"}
2025-07-10 18:51:10 | Unsuspend user id 2
2025-07-10 11:51:10 | Masuk blok aksi | {"tab":"active"}
2025-07-10 11:51:14 | Masuk blok aksi | {"action":"suspend","id":"2"}
2025-07-10 18:51:14 | Suspend user id 2
2025-07-10 11:51:14 | Masuk blok aksi | {"tab":"active"}
2025-07-10 13:30:29 | Masuk blok aksi | []
2025-07-10 13:30:34 | Masuk blok aksi | {"action":"unsuspend","id":"2"}
2025-07-10 20:30:35 | Unsuspend user id 2
2025-07-10 13:30:35 | Masuk blok aksi | {"tab":"active"}
2025-07-10 13:30:39 | Masuk blok aksi | {"tab":"trashed"}
2025-07-10 13:30:41 | Masuk blok aksi | {"tab":"active"}
2025-07-10 13:30:45 | Masuk blok aksi | {"action":"delete","id":"2"}
2025-07-10 20:30:45 | Delete user id 2
2025-07-10 13:30:45 | Masuk blok aksi | {"tab":"active"}
2025-07-10 13:30:47 | Masuk blok aksi | {"tab":"trashed"}
2025-07-10 13:30:52 | Masuk blok aksi | {"action":"restore","id":"2"}
2025-07-10 20:30:52 | Restore user id 2
2025-07-10 13:30:52 | Masuk blok aksi | {"tab":"active"}
2025-07-10 13:30:54 | Masuk blok aksi | {"tab":"trashed"}
2025-07-10 14:34:37 | Masuk blok aksi | []
2025-07-10 20:59:56 | Masuk blok aksi | []
2025-07-10 21:05:34 | Masuk blok aksi | []
2025-07-10 21:06:42 | Masuk blok aksi | []
2025-07-10 21:06:55 | Masuk blok aksi | []
2025-07-10 21:12:45 | Masuk blok aksi | []
2025-07-10 21:13:41 | Masuk blok aksi | []
2025-07-10 21:15:28 | Masuk blok aksi | []
2025-07-11 01:55:08 | Masuk blok aksi | []
2025-07-11 02:04:57 | Masuk blok aksi | []
2025-07-11 03:45:08 | Masuk blok aksi | []
2025-07-11 03:51:46 | Masuk blok aksi | []
2025-07-11 03:55:23 | Masuk blok aksi | []
